GROUP,PACKAGE,CLASS,INSTRUCTION_MISSED,INSTRUCTION_COVERED,BRANCH_MISSED,BRANCH_COVERED,LINE_MISSED,LINE_COVERED,COMPLEXITY_MISSED,COMPLEXITY_COVERED,METHOD_MISSED,METHOD_COVERED
javax-cdi-instance-handle,com.github.jonasrutishauser.javax.enterprise.inject.impl,InstanceType,25,33,8,2,5,9,6,5,1,5
javax-cdi-instance-handle,com.github.jonasrutishauser.javax.enterprise.inject.impl,ExtendedInstanceExtension.2.new InjectionPoint() {...},10,43,0,2,3,8,3,6,3,5
javax-cdi-instance-handle,com.github.jonasrutishauser.javax.enterprise.inject.impl,ExtendedInstanceExtension,0,47,0,0,0,13,0,5,0,5
javax-cdi-instance-handle,com.github.jonasrutishauser.javax.enterprise.inject.impl,ExtendedInstanceProducer,5,22,0,2,1,4,1,2,1,1
javax-cdi-instance-handle,com.github.jonasrutishauser.javax.enterprise.inject.impl,ExtendedInstanceExtension.new BeanAttributes() {...},0,33,0,0,0,7,0,7,0,7
javax-cdi-instance-handle,com.github.jonasrutishauser.javax.enterprise.inject.impl,ExtendedInstanceExtension.new Producer() {...},0,73,0,0,0,11,0,6,0,6
javax-cdi-instance-handle,com.github.jonasrutishauser.javax.enterprise.inject.impl,CDIExtendedInstance.HandleImpl,0,61,2,4,0,12,2,6,0,5
javax-cdi-instance-handle,com.github.jonasrutishauser.javax.enterprise.inject.impl,CDIExtendedInstance,0,98,0,2,0,15,0,8,0,7
